<?xml version="1.0" encoding="UTF-8"?>
<testsuite xmlns:xsi="http://www.w3.org/2001/XMLSchema-instance" xsi:noNamespaceSchemaLocation="https://maven.apache.org/surefire/maven-surefire-plugin/xsd/surefire-test-report.xsd" name="TestSuite" time="85.255" tests="7" errors="0" skipped="0" failures="3">
  <properties>
    <property name="sun.desktop" value="windows"/>
    <property name="awt.toolkit" value="sun.awt.windows.WToolkit"/>
    <property name="java.specification.version" value="1.8"/>
    <property name="file.encoding.pkg" value="sun.io"/>
    <property name="sun.cpu.isalist" value="amd64"/>
    <property name="sun.jnu.encoding" value="Cp1252"/>
    <property name="org.uncommons.reportng.escape-output" value="false"/>
    <property name="java.class.path" value="C:\Project\blendin_ios_automation\target\test-classes;C:\Project\blendin_ios_automation\target\classes;C:\Users\rahul.ranpura_mplify\.m2\repository\org\testng\testng\7.0.0\testng-7.0.0.jar;C:\Users\rahul.ranpura_mplify\.m2\repository\com\beust\jcommander\1.72\jcommander-1.72.jar;C:\Users\rahul.ranpura_mplify\.m2\repository\io\appium\java-client\7.0.0\java-client-7.0.0.jar;C:\Users\rahul.ranpura_mplify\.m2\repository\org\seleniumhq\selenium\selenium-support\3.141.59\selenium-support-3.141.59.jar;C:\Users\rahul.ranpura_mplify\.m2\repository\org\seleniumhq\selenium\selenium-api\3.141.59\selenium-api-3.141.59.jar;C:\Users\rahul.ranpura_mplify\.m2\repository\com\google\code\gson\gson\2.8.5\gson-2.8.5.jar;C:\Users\rahul.ranpura_mplify\.m2\repository\org\apache\httpcomponents\httpclient\4.5.6\httpclient-4.5.6.jar;C:\Users\rahul.ranpura_mplify\.m2\repository\org\apache\httpcomponents\httpcore\4.4.10\httpcore-4.4.10.jar;C:\Users\rahul.ranpura_mplify\.m2\repository\commons-logging\commons-logging\1.2\commons-logging-1.2.jar;C:\Users\rahul.ranpura_mplify\.m2\repository\commons-codec\commons-codec\1.10\commons-codec-1.10.jar;C:\Users\rahul.ranpura_mplify\.m2\repository\cglib\cglib\3.2.8\cglib-3.2.8.jar;C:\Users\rahul.ranpura_mplify\.m2\repository\org\ow2\asm\asm\6.2.1\asm-6.2.1.jar;C:\Users\rahul.ranpura_mplify\.m2\repository\org\apache\ant\ant\1.10.3\ant-1.10.3.jar;C:\Users\rahul.ranpura_mplify\.m2\repository\org\apache\ant\ant-launcher\1.10.3\ant-launcher-1.10.3.jar;C:\Users\rahul.ranpura_mplify\.m2\repository\commons-validator\commons-validator\1.6\commons-validator-1.6.jar;C:\Users\rahul.ranpura_mplify\.m2\repository\commons-beanutils\commons-beanutils\1.9.2\commons-beanutils-1.9.2.jar;C:\Users\rahul.ranpura_mplify\.m2\repository\commons-digester\commons-digester\1.8.1\commons-digester-1.8.1.jar;C:\Users\rahul.ranpura_mplify\.m2\repository\commons-collections\commons-collections\3.2.2\commons-collections-3.2.2.jar;C:\Users\rahul.ranpura_mplify\.m2\repository\org\apache\commons\commons-lang3\3.8\commons-lang3-3.8.jar;C:\Users\rahul.ranpura_mplify\.m2\repository\commons-io\commons-io\2.6\commons-io-2.6.jar;C:\Users\rahul.ranpura_mplify\.m2\repository\org\springframework\spring-context\5.1.0.RELEASE\spring-context-5.1.0.RELEASE.jar;C:\Users\rahul.ranpura_mplify\.m2\repository\org\springframework\spring-aop\5.1.0.RELEASE\spring-aop-5.1.0.RELEASE.jar;C:\Users\rahul.ranpura_mplify\.m2\repository\org\springframework\spring-beans\5.1.0.RELEASE\spring-beans-5.1.0.RELEASE.jar;C:\Users\rahul.ranpura_mplify\.m2\repository\org\springframework\spring-core\5.1.0.RELEASE\spring-core-5.1.0.RELEASE.jar;C:\Users\rahul.ranpura_mplify\.m2\repository\org\springframework\spring-jcl\5.1.0.RELEASE\spring-jcl-5.1.0.RELEASE.jar;C:\Users\rahul.ranpura_mplify\.m2\repository\org\springframework\spring-expression\5.1.0.RELEASE\spring-expression-5.1.0.RELEASE.jar;C:\Users\rahul.ranpura_mplify\.m2\repository\org\slf4j\slf4j-api\1.7.25\slf4j-api-1.7.25.jar;C:\Users\rahul.ranpura_mplify\.m2\repository\org\seleniumhq\selenium\selenium-java\3.141.59\selenium-java-3.141.59.jar;C:\Users\rahul.ranpura_mplify\.m2\repository\org\seleniumhq\selenium\selenium-chrome-driver\3.141.59\selenium-chrome-driver-3.141.59.jar;C:\Users\rahul.ranpura_mplify\.m2\repository\org\seleniumhq\selenium\selenium-edge-driver\3.141.59\selenium-edge-driver-3.141.59.jar;C:\Users\rahul.ranpura_mplify\.m2\repository\org\seleniumhq\selenium\selenium-firefox-driver\3.141.59\selenium-firefox-driver-3.141.59.jar;C:\Users\rahul.ranpura_mplify\.m2\repository\org\seleniumhq\selenium\selenium-ie-driver\3.141.59\selenium-ie-driver-3.141.59.jar;C:\Users\rahul.ranpura_mplify\.m2\repository\org\seleniumhq\selenium\selenium-opera-driver\3.141.59\selenium-opera-driver-3.141.59.jar;C:\Users\rahul.ranpura_mplify\.m2\repository\org\seleniumhq\selenium\selenium-remote-driver\3.141.59\selenium-remote-driver-3.141.59.jar;C:\Users\rahul.ranpura_mplify\.m2\repository\org\seleniumhq\selenium\selenium-safari-driver\3.141.59\selenium-safari-driver-3.141.59.jar;C:\Users\rahul.ranpura_mplify\.m2\repository\net\bytebuddy\byte-buddy\1.8.15\byte-buddy-1.8.15.jar;C:\Users\rahul.ranpura_mplify\.m2\repository\org\apache\commons\commons-exec\1.3\commons-exec-1.3.jar;C:\Users\rahul.ranpura_mplify\.m2\repository\com\google\guava\guava\25.0-jre\guava-25.0-jre.jar;C:\Users\rahul.ranpura_mplify\.m2\repository\com\google\code\findbugs\jsr305\1.3.9\jsr305-1.3.9.jar;C:\Users\rahul.ranpura_mplify\.m2\repository\org\checkerframework\checker-compat-qual\2.0.0\checker-compat-qual-2.0.0.jar;C:\Users\rahul.ranpura_mplify\.m2\repository\com\google\errorprone\error_prone_annotations\2.1.3\error_prone_annotations-2.1.3.jar;C:\Users\rahul.ranpura_mplify\.m2\repository\com\google\j2objc\j2objc-annotations\1.1\j2objc-annotations-1.1.jar;C:\Users\rahul.ranpura_mplify\.m2\repository\org\codehaus\mojo\animal-sniffer-annotations\1.14\animal-sniffer-annotations-1.14.jar;C:\Users\rahul.ranpura_mplify\.m2\repository\com\squareup\okhttp3\okhttp\3.11.0\okhttp-3.11.0.jar;C:\Users\rahul.ranpura_mplify\.m2\repository\com\squareup\okio\okio\1.14.0\okio-1.14.0.jar;C:\Users\rahul.ranpura_mplify\.m2\repository\org\apache\logging\log4j\log4j-core\2.17.1\log4j-core-2.17.1.jar;C:\Users\rahul.ranpura_mplify\.m2\repository\org\apache\logging\log4j\log4j-api\2.17.1\log4j-api-2.17.1.jar;C:\Users\rahul.ranpura_mplify\.m2\repository\io\qameta\allure\allure-testng\2.13.1\allure-testng-2.13.1.jar;C:\Users\rahul.ranpura_mplify\.m2\repository\io\qameta\allure\allure-java-commons\2.13.1\allure-java-commons-2.13.1.jar;C:\Users\rahul.ranpura_mplify\.m2\repository\io\qameta\allure\allure-model\2.13.1\allure-model-2.13.1.jar;C:\Users\rahul.ranpura_mplify\.m2\repository\com\fasterxml\jackson\core\jackson-databind\2.9.8\jackson-databind-2.9.8.jar;C:\Users\rahul.ranpura_mplify\.m2\repository\com\fasterxml\jackson\core\jackson-annotations\2.9.0\jackson-annotations-2.9.0.jar;C:\Users\rahul.ranpura_mplify\.m2\repository\com\fasterxml\jackson\core\jackson-core\2.9.8\jackson-core-2.9.8.jar;C:\Users\rahul.ranpura_mplify\.m2\repository\org\apache\tika\tika-core\1.20\tika-core-1.20.jar;C:\Users\rahul.ranpura_mplify\.m2\repository\org\jooq\joor-java-8\0.9.10\joor-java-8-0.9.10.jar;C:\Users\rahul.ranpura_mplify\.m2\repository\org\aspectj\aspectjweaver\1.8.10\aspectjweaver-1.8.10.jar;C:\Users\rahul.ranpura_mplify\.m2\repository\org\apache\maven\surefire\surefire-testng-utils\2.22.0\surefire-testng-utils-2.22.0.jar;C:\Users\rahul.ranpura_mplify\.m2\repository\org\apache\maven\surefire\surefire-grouper\2.22.0\surefire-grouper-2.22.0.jar;"/>
    <property name="java.vm.vendor" value="Oracle Corporation"/>
    <property name="sun.arch.data.model" value="64"/>
    <property name="user.variant" value=""/>
    <property name="org.uncommons.reportng.title" value="Test Results for Android App"/>
    <property name="java.vendor.url" value="http://java.oracle.com/"/>
    <property name="user.timezone" value="Asia/Calcutta"/>
    <property name="suiteXmlFile" value="common.xml"/>
    <property name="java.vm.specification.version" value="1.8"/>
    <property name="os.name" value="Windows 10"/>
    <property name="reporter.debug" value="false"/>
    <property name="user.country" value="IN"/>
    <property name="sun.java.launcher" value="SUN_STANDARD"/>
    <property name="sun.boot.library.path" value="C:\Program Files\Java\jdk1.8.0_202\jre\bin"/>
    <property name="sun.java.command" value="C:\Users\RAHUL~1.RAN\AppData\Local\Temp\surefire2819839757743821024\surefirebooter3797240886702064020.jar C:\Users\rahul.ranpura_mplify\AppData\Local\Temp\surefire2819839757743821024 2024-03-20T15-55-27_748-jvmRun1 surefire929696275321284185tmp surefire_08937517013185352288tmp"/>
    <property name="surefire.test.class.path" value="C:\Project\blendin_ios_automation\target\test-classes;C:\Project\blendin_ios_automation\target\classes;C:\Users\rahul.ranpura_mplify\.m2\repository\org\testng\testng\7.0.0\testng-7.0.0.jar;C:\Users\rahul.ranpura_mplify\.m2\repository\com\beust\jcommander\1.72\jcommander-1.72.jar;C:\Users\rahul.ranpura_mplify\.m2\repository\io\appium\java-client\7.0.0\java-client-7.0.0.jar;C:\Users\rahul.ranpura_mplify\.m2\repository\org\seleniumhq\selenium\selenium-support\3.141.59\selenium-support-3.141.59.jar;C:\Users\rahul.ranpura_mplify\.m2\repository\org\seleniumhq\selenium\selenium-api\3.141.59\selenium-api-3.141.59.jar;C:\Users\rahul.ranpura_mplify\.m2\repository\com\google\code\gson\gson\2.8.5\gson-2.8.5.jar;C:\Users\rahul.ranpura_mplify\.m2\repository\org\apache\httpcomponents\httpclient\4.5.6\httpclient-4.5.6.jar;C:\Users\rahul.ranpura_mplify\.m2\repository\org\apache\httpcomponents\httpcore\4.4.10\httpcore-4.4.10.jar;C:\Users\rahul.ranpura_mplify\.m2\repository\commons-logging\commons-logging\1.2\commons-logging-1.2.jar;C:\Users\rahul.ranpura_mplify\.m2\repository\commons-codec\commons-codec\1.10\commons-codec-1.10.jar;C:\Users\rahul.ranpura_mplify\.m2\repository\cglib\cglib\3.2.8\cglib-3.2.8.jar;C:\Users\rahul.ranpura_mplify\.m2\repository\org\ow2\asm\asm\6.2.1\asm-6.2.1.jar;C:\Users\rahul.ranpura_mplify\.m2\repository\org\apache\ant\ant\1.10.3\ant-1.10.3.jar;C:\Users\rahul.ranpura_mplify\.m2\repository\org\apache\ant\ant-launcher\1.10.3\ant-launcher-1.10.3.jar;C:\Users\rahul.ranpura_mplify\.m2\repository\commons-validator\commons-validator\1.6\commons-validator-1.6.jar;C:\Users\rahul.ranpura_mplify\.m2\repository\commons-beanutils\commons-beanutils\1.9.2\commons-beanutils-1.9.2.jar;C:\Users\rahul.ranpura_mplify\.m2\repository\commons-digester\commons-digester\1.8.1\commons-digester-1.8.1.jar;C:\Users\rahul.ranpura_mplify\.m2\repository\commons-collections\commons-collections\3.2.2\commons-collections-3.2.2.jar;C:\Users\rahul.ranpura_mplify\.m2\repository\org\apache\commons\commons-lang3\3.8\commons-lang3-3.8.jar;C:\Users\rahul.ranpura_mplify\.m2\repository\commons-io\commons-io\2.6\commons-io-2.6.jar;C:\Users\rahul.ranpura_mplify\.m2\repository\org\springframework\spring-context\5.1.0.RELEASE\spring-context-5.1.0.RELEASE.jar;C:\Users\rahul.ranpura_mplify\.m2\repository\org\springframework\spring-aop\5.1.0.RELEASE\spring-aop-5.1.0.RELEASE.jar;C:\Users\rahul.ranpura_mplify\.m2\repository\org\springframework\spring-beans\5.1.0.RELEASE\spring-beans-5.1.0.RELEASE.jar;C:\Users\rahul.ranpura_mplify\.m2\repository\org\springframework\spring-core\5.1.0.RELEASE\spring-core-5.1.0.RELEASE.jar;C:\Users\rahul.ranpura_mplify\.m2\repository\org\springframework\spring-jcl\5.1.0.RELEASE\spring-jcl-5.1.0.RELEASE.jar;C:\Users\rahul.ranpura_mplify\.m2\repository\org\springframework\spring-expression\5.1.0.RELEASE\spring-expression-5.1.0.RELEASE.jar;C:\Users\rahul.ranpura_mplify\.m2\repository\org\slf4j\slf4j-api\1.7.25\slf4j-api-1.7.25.jar;C:\Users\rahul.ranpura_mplify\.m2\repository\org\seleniumhq\selenium\selenium-java\3.141.59\selenium-java-3.141.59.jar;C:\Users\rahul.ranpura_mplify\.m2\repository\org\seleniumhq\selenium\selenium-chrome-driver\3.141.59\selenium-chrome-driver-3.141.59.jar;C:\Users\rahul.ranpura_mplify\.m2\repository\org\seleniumhq\selenium\selenium-edge-driver\3.141.59\selenium-edge-driver-3.141.59.jar;C:\Users\rahul.ranpura_mplify\.m2\repository\org\seleniumhq\selenium\selenium-firefox-driver\3.141.59\selenium-firefox-driver-3.141.59.jar;C:\Users\rahul.ranpura_mplify\.m2\repository\org\seleniumhq\selenium\selenium-ie-driver\3.141.59\selenium-ie-driver-3.141.59.jar;C:\Users\rahul.ranpura_mplify\.m2\repository\org\seleniumhq\selenium\selenium-opera-driver\3.141.59\selenium-opera-driver-3.141.59.jar;C:\Users\rahul.ranpura_mplify\.m2\repository\org\seleniumhq\selenium\selenium-remote-driver\3.141.59\selenium-remote-driver-3.141.59.jar;C:\Users\rahul.ranpura_mplify\.m2\repository\org\seleniumhq\selenium\selenium-safari-driver\3.141.59\selenium-safari-driver-3.141.59.jar;C:\Users\rahul.ranpura_mplify\.m2\repository\net\bytebuddy\byte-buddy\1.8.15\byte-buddy-1.8.15.jar;C:\Users\rahul.ranpura_mplify\.m2\repository\org\apache\commons\commons-exec\1.3\commons-exec-1.3.jar;C:\Users\rahul.ranpura_mplify\.m2\repository\com\google\guava\guava\25.0-jre\guava-25.0-jre.jar;C:\Users\rahul.ranpura_mplify\.m2\repository\com\google\code\findbugs\jsr305\1.3.9\jsr305-1.3.9.jar;C:\Users\rahul.ranpura_mplify\.m2\repository\org\checkerframework\checker-compat-qual\2.0.0\checker-compat-qual-2.0.0.jar;C:\Users\rahul.ranpura_mplify\.m2\repository\com\google\errorprone\error_prone_annotations\2.1.3\error_prone_annotations-2.1.3.jar;C:\Users\rahul.ranpura_mplify\.m2\repository\com\google\j2objc\j2objc-annotations\1.1\j2objc-annotations-1.1.jar;C:\Users\rahul.ranpura_mplify\.m2\repository\org\codehaus\mojo\animal-sniffer-annotations\1.14\animal-sniffer-annotations-1.14.jar;C:\Users\rahul.ranpura_mplify\.m2\repository\com\squareup\okhttp3\okhttp\3.11.0\okhttp-3.11.0.jar;C:\Users\rahul.ranpura_mplify\.m2\repository\com\squareup\okio\okio\1.14.0\okio-1.14.0.jar;C:\Users\rahul.ranpura_mplify\.m2\repository\org\apache\logging\log4j\log4j-core\2.17.1\log4j-core-2.17.1.jar;C:\Users\rahul.ranpura_mplify\.m2\repository\org\apache\logging\log4j\log4j-api\2.17.1\log4j-api-2.17.1.jar;C:\Users\rahul.ranpura_mplify\.m2\repository\io\qameta\allure\allure-testng\2.13.1\allure-testng-2.13.1.jar;C:\Users\rahul.ranpura_mplify\.m2\repository\io\qameta\allure\allure-java-commons\2.13.1\allure-java-commons-2.13.1.jar;C:\Users\rahul.ranpura_mplify\.m2\repository\io\qameta\allure\allure-model\2.13.1\allure-model-2.13.1.jar;C:\Users\rahul.ranpura_mplify\.m2\repository\com\fasterxml\jackson\core\jackson-databind\2.9.8\jackson-databind-2.9.8.jar;C:\Users\rahul.ranpura_mplify\.m2\repository\com\fasterxml\jackson\core\jackson-annotations\2.9.0\jackson-annotations-2.9.0.jar;C:\Users\rahul.ranpura_mplify\.m2\repository\com\fasterxml\jackson\core\jackson-core\2.9.8\jackson-core-2.9.8.jar;C:\Users\rahul.ranpura_mplify\.m2\repository\org\apache\tika\tika-core\1.20\tika-core-1.20.jar;C:\Users\rahul.ranpura_mplify\.m2\repository\org\jooq\joor-java-8\0.9.10\joor-java-8-0.9.10.jar;C:\Users\rahul.ranpura_mplify\.m2\repository\org\aspectj\aspectjweaver\1.8.10\aspectjweaver-1.8.10.jar;C:\Users\rahul.ranpura_mplify\.m2\repository\org\apache\maven\surefire\surefire-testng-utils\2.22.0\surefire-testng-utils-2.22.0.jar;C:\Users\rahul.ranpura_mplify\.m2\repository\org\apache\maven\surefire\surefire-grouper\2.22.0\surefire-grouper-2.22.0.jar;"/>
    <property name="sun.cpu.endian" value="little"/>
    <property name="user.home" value="C:\Users\rahul.ranpura_mplify"/>
    <property name="user.language" value="en"/>
    <property name="java.specification.vendor" value="Oracle Corporation"/>
    <property name="java.home" value="C:\Program Files\Java\jdk1.8.0_202\jre"/>
    <property name="basedir" value="C:\Project\blendin_ios_automation"/>
    <property name="file.separator" value="\"/>
    <property name="line.separator" value="&#10;"/>
    <property name="java.vm.specification.vendor" value="Oracle Corporation"/>
    <property name="java.specification.name" value="Java Platform API Specification"/>
    <property name="java.awt.graphicsenv" value="sun.awt.Win32GraphicsEnvironment"/>
    <property name="surefire.real.class.path" value="C:\Users\RAHUL~1.RAN\AppData\Local\Temp\surefire2819839757743821024\surefirebooter3797240886702064020.jar;C:\Users\rahul.ranpura_mplify\.m2\repository/org/aspectj/aspectjweaver/1.8.10/aspectjweaver-1.8.10.jar"/>
    <property name="sun.boot.class.path" value="C:\Program Files\Java\jdk1.8.0_202\jre\lib\resources.jar;C:\Program Files\Java\jdk1.8.0_202\jre\lib\rt.jar;C:\Program Files\Java\jdk1.8.0_202\jre\lib\sunrsasign.jar;C:\Program Files\Java\jdk1.8.0_202\jre\lib\jsse.jar;C:\Program Files\Java\jdk1.8.0_202\jre\lib\jce.jar;C:\Program Files\Java\jdk1.8.0_202\jre\lib\charsets.jar;C:\Program Files\Java\jdk1.8.0_202\jre\lib\jfr.jar;C:\Program Files\Java\jdk1.8.0_202\jre\classes"/>
    <property name="user.script" value=""/>
    <property name="sun.management.compiler" value="HotSpot 64-Bit Tiered Compilers"/>
    <property name="java.runtime.version" value="1.8.0_202-b08"/>
    <property name="user.name" value="rahul.ranpura_mplify"/>
    <property name="path.separator" value=";"/>
    <property name="os.version" value="10.0"/>
    <property name="java.endorsed.dirs" value="C:\Program Files\Java\jdk1.8.0_202\jre\lib\endorsed"/>
    <property name="java.runtime.name" value="Java(TM) SE Runtime Environment"/>
    <property name="file.encoding" value="Cp1252"/>
    <property name="java.vm.name" value="Java HotSpot(TM) 64-Bit Server VM"/>
    <property name="localRepository" value="C:\Users\rahul.ranpura_mplify\.m2\repository"/>
    <property name="java.vendor.url.bug" value="http://bugreport.sun.com/bugreport/"/>
    <property name="java.io.tmpdir" value="C:\Users\RAHUL~1.RAN\AppData\Local\Temp\"/>
    <property name="java.version" value="1.8.0_202"/>
    <property name="user.dir" value="C:\Project\blendin_ios_automation"/>
    <property name="os.arch" value="amd64"/>
    <property name="java.vm.specification.name" value="Java Virtual Machine Specification"/>
    <property name="java.awt.printerjob" value="sun.awt.windows.WPrinterJob"/>
    <property name="sun.os.patch.level" value=""/>
    <property name="java.library.path" value="C:\Program Files\Java\jdk1.8.0_202\jre\bin;C:\WINDOWS\Sun\Java\bin;C:\WINDOWS\system32;C:\WINDOWS;C:\Program Files\Java\jdk1.8.0_202\bin;C:\Program Files (x86)\Intel\iCLS Client\;C:\Program Files\Intel\iCLS Client\;C:\WINDOWS\system32;C:\WINDOWS;C:\WINDOWS\System32\Wbem;C:\WINDOWS\System32\WindowsPowerShell\v1.0\;C:\Program Files (x86)\Android\android-sdk\platform-tools;C:\Program Files (x86)\Intel\Intel(R) Management Engine Components\DAL;C:\Program Files\Intel\Intel(R) Management Engine Components\DAL;C:\Program Files (x86)\Intel\Intel(R) Management Engine Components\IPT;C:\Program Files\Intel\Intel(R) Management Engine Components\IPT;C:\WINDOWS\System32\OpenSSH\;C:\apache-maven-3.6.3\bin;C:\Program Files\Perforce\;C:\Program Files\dotnet\;C:\Program Files\Microsoft SQL Server\130\Tools\Binn\;C:\Users\Aakash\AppData\Local\Programs\Git\bin;C:\Program Files\Git\cmd;C:\Program Files\Microsoft SQL Server\Client SDK\ODBC\170\Tools\Binn\;C:\Program Files\PuTTY\;C:\Program Files (x86)\dotnet\;C:\Users\rachana.sharma_mplif\AppData\Local\Programs\Python\Python37-32\Lib;C:\Users\rachana.sharma_mplif\AppData\Local\Programs\Python\Python37-32\Scripts;C:\Users\rachana.sharma_mplif\AppData\Local\Programs\Python\Python37-32\python.exe;C:\Program Files\Docker\Docker\resources\bin;C:\ProgramData\DockerDesktop\version-bin;C:\Program Files\nodejs\;C:\Users\rahul.ranpura_mplify\Desktop\sdk\platform-tools;C:\Users\rahul.ranpura_mplify\Desktop\sdk\cmdline-tools\tools;C:\Users\rahul.ranpura_mplify\Desktop\sdk\platforms;C:\allure-2.27.0\bin;C:\Users\rahul.ranpura_mplify\AppData\Local\Microsoft\WindowsApps;;C:\Users\rahul.ranpura_mplify\AppData\Local\JetBrains\IntelliJ IDEA Community Edition 2022.3\bin;;C:\Users\rahul.ranpura_mplify\AppData\Roaming\npm;."/>
    <property name="java.vm.info" value="mixed mode"/>
    <property name="java.vendor" value="Oracle Corporation"/>
    <property name="java.vm.version" value="25.202-b08"/>
    <property name="java.ext.dirs" value="C:\Program Files\Java\jdk1.8.0_202\jre\lib\ext;C:\WINDOWS\Sun\Java\lib\ext"/>
    <property name="sun.io.unicode.encoding" value="UnicodeLittle"/>
    <property name="java.class.version" value="52.0"/>
  </properties>
  <testcase name="testSearchButtonVisibleAfterLaunchingApplication" classname="com.test.GoogleNewsTest" time="8.379"/>
  <testcase name="testVerifyTitleOfGoogleNewsApplication" classname="com.test.GoogleNewsTest" time="5.196"/>
  <testcase name="testScrollPageTillElement" classname="com.test.GoogleNewsTest" time="10.698"/>
  <testcase name="testSearchFunctionality" classname="com.test.GoogleNewsTest" time="1.668">
    <failure message="An element could not be located on the page using the given search parameters.&#10;For documentation on this error, please visit: https://www.seleniumhq.org/exceptions/no_such_element.html&#10;Build info: version: &apos;3.141.59&apos;, revision: &apos;e82be7d358&apos;, time: &apos;2018-11-14T08:17:03&apos;&#10;System info: host: &apos;MA390&apos;, ip: &apos;169.254.163.251&apos;, os.name: &apos;Windows 10&apos;, os.arch: &apos;amd64&apos;, os.version: &apos;10.0&apos;, java.version: &apos;1.8.0_202&apos;&#10;Driver info: io.appium.java_client.android.AndroidDriver&#10;Capabilities {automationName: UiAutomator2, databaseEnabled: false, desired: {automationName: UiAutomator2, deviceName: Pixel 4, platformName: android, platformVersion: 13, udid: 9A201FFAZ00127}, deviceApiLevel: 33, deviceManufacturer: Google, deviceModel: Pixel 4, deviceName: 9A201FFAZ00127, deviceScreenDensity: 440, deviceScreenSize: 1080x2280, deviceUDID: 9A201FFAZ00127, javascriptEnabled: true, locationContextEnabled: false, networkConnectionEnabled: true, pixelRatio: 2.75, platform: LINUX, platformName: Android, platformVersion: 13, statBarHeight: 83, takesScreenshot: true, udid: 9A201FFAZ00127, viewportRect: {height: 2197, left: 0, top: 83, width: 1080}, warnings: {}, webStorageEnabled: false}&#10;Session ID: 0d7a9d8d-1428-4ea4-a416-ffbeeb1e6443&#10;*** Element info: {Using=xpath, value=//android.widget.ImageButton[@content-desc=&quot;Navigate up&quot;]}" type="org.openqa.selenium.NoSuchElementException">org.openqa.selenium.NoSuchElementException: 
An element could not be located on the page using the given search parameters.
For documentation on this error, please visit: https://www.seleniumhq.org/exceptions/no_such_element.html
Build info: version: '3.141.59', revision: 'e82be7d358', time: '2018-11-14T08:17:03'
System info: host: 'MA390', ip: '169.254.163.251', os.name: 'Windows 10', os.arch: 'amd64', os.version: '10.0', java.version: '1.8.0_202'
Driver info: io.appium.java_client.android.AndroidDriver
Capabilities {automationName: UiAutomator2, databaseEnabled: false, desired: {automationName: UiAutomator2, deviceName: Pixel 4, platformName: android, platformVersion: 13, udid: 9A201FFAZ00127}, deviceApiLevel: 33, deviceManufacturer: Google, deviceModel: Pixel 4, deviceName: 9A201FFAZ00127, deviceScreenDensity: 440, deviceScreenSize: 1080x2280, deviceUDID: 9A201FFAZ00127, javascriptEnabled: true, locationContextEnabled: false, networkConnectionEnabled: true, pixelRatio: 2.75, platform: LINUX, platformName: Android, platformVersion: 13, statBarHeight: 83, takesScreenshot: true, udid: 9A201FFAZ00127, viewportRect: {height: 2197, left: 0, top: 83, width: 1080}, warnings: {}, webStorageEnabled: false}
Session ID: 0d7a9d8d-1428-4ea4-a416-ffbeeb1e6443
*** Element info: {Using=xpath, value=//android.widget.ImageButton[@content-desc="Navigate up"]}
	at com.test.GoogleNewsTest.testSearchFunctionality(GoogleNewsTest.java:45)
</failure>
    <system-out><![CDATA[---- TestNGListener onTestStart ---- testSearchFunctionality
[INFO ] 2024-03-20 15:56:14.826 [main] BaseTestAndroidAppium - ------- Perform Click on given element -------
---- TestNGListener onTestFailure ---- testSearchFunctionality
]]></system-out>
  </testcase>
  <testcase name="swipeRight" classname="com.test.GoogleNewsTest" time="1.263">
    <failure message="An element could not be located on the page using the given search parameters.&#10;For documentation on this error, please visit: https://www.seleniumhq.org/exceptions/no_such_element.html&#10;Build info: version: &apos;3.141.59&apos;, revision: &apos;e82be7d358&apos;, time: &apos;2018-11-14T08:17:03&apos;&#10;System info: host: &apos;MA390&apos;, ip: &apos;169.254.163.251&apos;, os.name: &apos;Windows 10&apos;, os.arch: &apos;amd64&apos;, os.version: &apos;10.0&apos;, java.version: &apos;1.8.0_202&apos;&#10;Driver info: io.appium.java_client.android.AndroidDriver&#10;Capabilities {automationName: UiAutomator2, databaseEnabled: false, desired: {automationName: UiAutomator2, deviceName: Pixel 4, platformName: android, platformVersion: 13, udid: 9A201FFAZ00127}, deviceApiLevel: 33, deviceManufacturer: Google, deviceModel: Pixel 4, deviceName: 9A201FFAZ00127, deviceScreenDensity: 440, deviceScreenSize: 1080x2280, deviceUDID: 9A201FFAZ00127, javascriptEnabled: true, locationContextEnabled: false, networkConnectionEnabled: true, pixelRatio: 2.75, platform: LINUX, platformName: Android, platformVersion: 13, statBarHeight: 83, takesScreenshot: true, udid: 9A201FFAZ00127, viewportRect: {height: 2197, left: 0, top: 83, width: 1080}, warnings: {}, webStorageEnabled: false}&#10;Session ID: 0d7a9d8d-1428-4ea4-a416-ffbeeb1e6443&#10;*** Element info: {Using=xpath, value=//android.widget.ImageButton[@content-desc=&quot;Navigate up&quot;]}" type="org.openqa.selenium.NoSuchElementException">org.openqa.selenium.NoSuchElementException: 
An element could not be located on the page using the given search parameters.
For documentation on this error, please visit: https://www.seleniumhq.org/exceptions/no_such_element.html
Build info: version: '3.141.59', revision: 'e82be7d358', time: '2018-11-14T08:17:03'
System info: host: 'MA390', ip: '169.254.163.251', os.name: 'Windows 10', os.arch: 'amd64', os.version: '10.0', java.version: '1.8.0_202'
Driver info: io.appium.java_client.android.AndroidDriver
Capabilities {automationName: UiAutomator2, databaseEnabled: false, desired: {automationName: UiAutomator2, deviceName: Pixel 4, platformName: android, platformVersion: 13, udid: 9A201FFAZ00127}, deviceApiLevel: 33, deviceManufacturer: Google, deviceModel: Pixel 4, deviceName: 9A201FFAZ00127, deviceScreenDensity: 440, deviceScreenSize: 1080x2280, deviceUDID: 9A201FFAZ00127, javascriptEnabled: true, locationContextEnabled: false, networkConnectionEnabled: true, pixelRatio: 2.75, platform: LINUX, platformName: Android, platformVersion: 13, statBarHeight: 83, takesScreenshot: true, udid: 9A201FFAZ00127, viewportRect: {height: 2197, left: 0, top: 83, width: 1080}, warnings: {}, webStorageEnabled: false}
Session ID: 0d7a9d8d-1428-4ea4-a416-ffbeeb1e6443
*** Element info: {Using=xpath, value=//android.widget.ImageButton[@content-desc="Navigate up"]}
	at com.test.GoogleNewsTest.swipeRight(GoogleNewsTest.java:58)
</failure>
    <system-out><![CDATA[---- TestNGListener onTestStart ---- swipeRight
[INFO ] 2024-03-20 15:56:16.524 [main] BaseTestAndroidAppium - ------- Perform Click on given element -------
---- TestNGListener onTestFailure ---- swipeRight
]]></system-out>
  </testcase>
  <testcase name="launchGoogleNewsApplication1" classname="com.test.GoogleNewsTest1" time="20.101"/>
  <testcase name="verifyClickOnSuggestionAfterSearchingText" classname="com.test.GoogleNewsTest1" time="1.402">
    <failure message="An unknown server-side error occurred while processing the command. Original error: org.eclipse.wst.xml.xpath2.processor.internal.StaticNsNameError: Unknown prefix: com.google.android.apps.magazines.&#10;Build info: version: &apos;3.141.59&apos;, revision: &apos;e82be7d358&apos;, time: &apos;2018-11-14T08:17:03&apos;&#10;System info: host: &apos;MA390&apos;, ip: &apos;169.254.163.251&apos;, os.name: &apos;Windows 10&apos;, os.arch: &apos;amd64&apos;, os.version: &apos;10.0&apos;, java.version: &apos;1.8.0_202&apos;&#10;Driver info: io.appium.java_client.android.AndroidDriver&#10;Capabilities {automationName: UiAutomator2, databaseEnabled: false, desired: {automationName: UiAutomator2, deviceName: Pixel 4, platformName: android, platformVersion: 13, udid: 9A201FFAZ00127}, deviceApiLevel: 33, deviceManufacturer: Google, deviceModel: Pixel 4, deviceName: 9A201FFAZ00127, deviceScreenDensity: 440, deviceScreenSize: 1080x2280, deviceUDID: 9A201FFAZ00127, javascriptEnabled: true, locationContextEnabled: false, networkConnectionEnabled: true, pixelRatio: 2.75, platform: LINUX, platformName: Android, platformVersion: 13, statBarHeight: 83, takesScreenshot: true, udid: 9A201FFAZ00127, viewportRect: {height: 2197, left: 0, top: 83, width: 1080}, warnings: {}, webStorageEnabled: false}&#10;Session ID: f27c9098-0b8c-44d2-b42c-a31adf2c77c4&#10;*** Element info: {Using=xpath, value=com.google.android.apps.magazines:id/open_search_view_edit_text}" type="org.openqa.selenium.WebDriverException">org.openqa.selenium.WebDriverException: 
An unknown server-side error occurred while processing the command. Original error: org.eclipse.wst.xml.xpath2.processor.internal.StaticNsNameError: Unknown prefix: com.google.android.apps.magazines.
Build info: version: '3.141.59', revision: 'e82be7d358', time: '2018-11-14T08:17:03'
System info: host: 'MA390', ip: '169.254.163.251', os.name: 'Windows 10', os.arch: 'amd64', os.version: '10.0', java.version: '1.8.0_202'
Driver info: io.appium.java_client.android.AndroidDriver
Capabilities {automationName: UiAutomator2, databaseEnabled: false, desired: {automationName: UiAutomator2, deviceName: Pixel 4, platformName: android, platformVersion: 13, udid: 9A201FFAZ00127}, deviceApiLevel: 33, deviceManufacturer: Google, deviceModel: Pixel 4, deviceName: 9A201FFAZ00127, deviceScreenDensity: 440, deviceScreenSize: 1080x2280, deviceUDID: 9A201FFAZ00127, javascriptEnabled: true, locationContextEnabled: false, networkConnectionEnabled: true, pixelRatio: 2.75, platform: LINUX, platformName: Android, platformVersion: 13, statBarHeight: 83, takesScreenshot: true, udid: 9A201FFAZ00127, viewportRect: {height: 2197, left: 0, top: 83, width: 1080}, warnings: {}, webStorageEnabled: false}
Session ID: f27c9098-0b8c-44d2-b42c-a31adf2c77c4
*** Element info: {Using=xpath, value=com.google.android.apps.magazines:id/open_search_view_edit_text}
	at com.test.GoogleNewsTest1.verifyClickOnSuggestionAfterSearchingText(GoogleNewsTest1.java:35)
</failure>
    <system-out><![CDATA[---- TestNGListener onTestStart ---- verifyClickOnSuggestionAfterSearchingText
[INFO ] 2024-03-20 15:56:43.776 [main] BaseTestAndroidAppium - ------- Perform Click on given element -------
---- TestNGListener onTestFailure ---- verifyClickOnSuggestionAfterSearchingText
]]></system-out>
  </testcase>
</testsuite>